06,21,23 04:43:02 PM: INFO: Applicable driver not found; attempting to install with Selenium Manager (Beta):
06,21,23 04:43:04 PM: INFO: ************Test_001_Login**************:
06,21,23 04:43:04 PM: INFO: *************Verifying Home Page Title***********:
06,21,23 04:43:07 PM: INFO: *************Home Page Title is Passed***********:
06,21,23 04:43:07 PM: INFO: Applicable driver not found; attempting to install with Selenium Manager (Beta):
06,21,23 04:43:09 PM: INFO: *************Verifying Login Test***********:
06,21,23 04:43:16 PM: INFO: *************Login Test is Passed***********:
06,21,23 04:57:15 PM: INFO: Applicable driver not found; attempting to install with Selenium Manager (Beta):
06,21,23 04:57:22 PM: INFO: ************Test_001_Login**************:
06,21,23 04:57:22 PM: INFO: *************Verifying Home Page Title***********:
06,21,23 04:57:27 PM: INFO: *************Home Page Title is Passed***********:
06,21,23 04:57:28 PM: INFO: Applicable driver not found; attempting to install with Selenium Manager (Beta):
06,21,23 04:57:33 PM: INFO: *************Verifying Login Test***********:
06,21,23 04:57:42 PM: INFO: *************Login Test is Passed***********:
06,21,23 04:58:50 PM: INFO: Applicable driver not found; attempting to install with Selenium Manager (Beta):
06,21,23 04:58:57 PM: INFO: ************Test_001_Login**************:
06,21,23 04:58:57 PM: INFO: *************Verifying Home Page Title***********:
06,21,23 04:59:01 PM: INFO: *************Home Page Title is Passed***********:
06,21,23 04:59:01 PM: INFO: Applicable driver not found; attempting to install with Selenium Manager (Beta):
06,21,23 04:59:05 PM: INFO: *************Verifying Login Test***********:
06,21,23 04:59:09 PM: INFO: *************Login Test is Passed***********:
06,21,23 05:01:48 PM: INFO: Applicable driver not found; attempting to install with Selenium Manager (Beta):
06,21,23 05:01:50 PM: INFO: ************Test_001_Login**************:
06,21,23 05:01:50 PM: INFO: *************Verifying Home Page Title***********:
06,21,23 05:01:54 PM: INFO: *************Home Page Title is Passed***********:
06,21,23 05:01:54 PM: INFO: Applicable driver not found; attempting to install with Selenium Manager (Beta):
06,21,23 05:01:56 PM: INFO: *************Verifying Login Test***********:
06,21,23 05:02:02 PM: INFO: *************Login Test is Passed***********:
06,21,23 05:21:59 PM: INFO: Applicable driver not found; attempting to install with Selenium Manager (Beta):
06,21,23 05:22:01 PM: INFO: ************Test_001_Login**************:
06,21,23 05:22:01 PM: INFO: *************Verifying Home Page Title***********:
06,21,23 05:22:05 PM: INFO: *************Home Page Title is Passed***********:
06,21,23 05:22:06 PM: INFO: Applicable driver not found; attempting to install with Selenium Manager (Beta):
06,21,23 05:22:08 PM: INFO: *************Verifying Login Test***********:
06,21,23 05:22:13 PM: INFO: *************Login Test is Passed***********:
06,21,23 06:01:22 PM: INFO: Applicable driver not found; attempting to install with Selenium Manager (Beta):
06,21,23 06:01:24 PM: INFO: ************Test_001_Login**************:
06,21,23 06:01:24 PM: INFO: *************Verifying Home Page Title***********:
06,21,23 06:01:28 PM: INFO: *************Home Page Title is Passed***********:
06,21,23 06:01:28 PM: INFO: Applicable driver not found; attempting to install with Selenium Manager (Beta):
06,21,23 06:01:30 PM: INFO: *************Verifying Login Test***********:
06,21,23 06:01:35 PM: INFO: *************Login Test is Passed***********:
06,21,23 07:10:18 PM: INFO: Applicable driver not found; attempting to install with Selenium Manager (Beta):
06,21,23 07:10:20 PM: INFO: ************Test_001_Login**************:
06,21,23 07:10:20 PM: INFO: *************Verifying Home Page Title***********:
06,21,23 07:10:23 PM: INFO: *************Home Page Title is Passed***********:
06,21,23 07:10:23 PM: INFO: Applicable driver not found; attempting to install with Selenium Manager (Beta):
06,21,23 07:10:25 PM: INFO: *************Verifying Login Test***********:
06,21,23 07:10:30 PM: INFO: *************Login Test is Passed***********:
06,21,23 07:15:59 PM: INFO: Applicable driver not found; attempting to install with Selenium Manager (Beta):
06,21,23 07:16:00 PM: INFO: ************Test_001_Login**************:
06,21,23 07:16:00 PM: INFO: *************Verifying Home Page Title***********:
06,21,23 07:16:03 PM: INFO: *************Home Page Title is Passed***********:
06,21,23 07:16:03 PM: INFO: Applicable driver not found; attempting to install with Selenium Manager (Beta):
06,21,23 07:16:05 PM: INFO: *************Verifying Login Test***********:
06,21,23 07:16:11 PM: INFO: *************Login Test is Passed***********:
06,21,23 08:18:32 PM: INFO: Applicable driver not found; attempting to install with Selenium Manager (Beta):
06,21,23 08:18:34 PM: INFO: *************Test_002_DDT_Login*************:
06,21,23 08:18:34 PM: INFO: *************Verifying Login DDT Test***********:
06,21,23 08:23:48 PM: INFO: Applicable driver not found; attempting to install with Selenium Manager (Beta):
06,21,23 08:23:49 PM: INFO: *************Test_002_DDT_Login*************:
06,21,23 08:23:49 PM: INFO: *************Verifying Login DDT Test***********:
06,21,23 08:31:24 PM: INFO: Applicable driver not found; attempting to install with Selenium Manager (Beta):
06,21,23 08:31:26 PM: INFO: *************Test_002_DDT_Login*************:
06,21,23 08:31:26 PM: INFO: *************Verifying Login DDT Test***********:
06,21,23 08:39:01 PM: INFO: Applicable driver not found; attempting to install with Selenium Manager (Beta):
06,21,23 08:39:03 PM: INFO: *************Test_002_DDT_Login*************:
06,21,23 08:39:03 PM: INFO: *************Verifying Login DDT Test***********:
06,21,23 08:40:50 PM: INFO: Applicable driver not found; attempting to install with Selenium Manager (Beta):
06,21,23 08:40:52 PM: INFO: *************Test_002_DDT_Login*************:
06,21,23 08:40:52 PM: INFO: *************Verifying Login DDT Test***********:
06,21,23 08:41:27 PM: INFO: Applicable driver not found; attempting to install with Selenium Manager (Beta):
06,21,23 08:41:29 PM: INFO: *************Test_002_DDT_Login*************:
06,21,23 08:41:29 PM: INFO: *************Verifying Login DDT Test***********:
06,21,23 08:42:18 PM: INFO: Applicable driver not found; attempting to install with Selenium Manager (Beta):
06,21,23 08:42:20 PM: INFO: *************Test_002_DDT_Login*************:
06,21,23 08:42:20 PM: INFO: *************Verifying Login DDT Test***********:
06,21,23 08:45:54 PM: INFO: Applicable driver not found; attempting to install with Selenium Manager (Beta):
06,21,23 08:45:55 PM: INFO: *************Test_002_DDT_Login*************:
06,21,23 08:45:55 PM: INFO: *************Verifying Login DDT Test***********:
06,21,23 08:49:42 PM: INFO: Applicable driver not found; attempting to install with Selenium Manager (Beta):
06,21,23 08:49:44 PM: INFO: *************Test_002_DDT_Login*************:
06,21,23 08:49:44 PM: INFO: *************Verifying Login DDT Test***********:
06,21,23 08:55:07 PM: INFO: Applicable driver not found; attempting to install with Selenium Manager (Beta):
06,21,23 08:55:08 PM: INFO: *************Test_002_DDT_Login*************:
06,21,23 08:55:08 PM: INFO: *************Verifying Login DDT Test***********:
06,21,23 08:57:10 PM: INFO: Applicable driver not found; attempting to install with Selenium Manager (Beta):
06,21,23 08:57:12 PM: INFO: *************Test_002_DDT_Login*************:
06,21,23 08:57:12 PM: INFO: *************Verifying Login DDT Test***********:
06,21,23 09:06:28 PM: INFO: Applicable driver not found; attempting to install with Selenium Manager (Beta):
06,21,23 09:06:31 PM: INFO: *************Test_002_DDT_Login*************:
06,21,23 09:06:31 PM: INFO: *************Verifying Login DDT Test***********:
06,21,23 09:06:43 PM: INFO: *******PASSED**********:
06,21,23 09:06:52 PM: INFO: *******Passed**********:
06,21,23 09:06:57 PM: INFO: *******Passed**********:
06,21,23 09:07:03 PM: INFO: *******Passed**********:
06,21,23 09:07:03 PM: INFO: **** Login DDT Test Passed****:
06,21,23 09:07:03 PM: INFO: ***** End of LOgin DDT Test*****:
06,21,23 09:07:03 PM: INFO: ****** Completed Test_002_DDT_Login ****** :
06,21,23 09:14:56 PM: INFO: Applicable driver not found; attempting to install with Selenium Manager (Beta):
06,21,23 09:14:59 PM: INFO: *************Test_002_DDT_Login*************:
06,21,23 09:14:59 PM: INFO: *************Verifying Login DDT Test***********:
06,21,23 09:15:11 PM: INFO: *******PASSED**********:
06,21,23 09:15:18 PM: INFO: *******Passed**********:
06,21,23 09:15:24 PM: INFO: *******Passed**********:
06,21,23 09:15:29 PM: INFO: *******Passed**********:
06,21,23 09:15:29 PM: INFO: **** Login DDT Test Passed****:
06,21,23 09:15:29 PM: INFO: ***** End of LOgin DDT Test*****:
06,21,23 09:15:29 PM: INFO: ****** Completed Test_002_DDT_Login ****** :
06,23,23 08:10:26 PM: INFO: Applicable driver not found; attempting to install with Selenium Manager (Beta):
06,23,23 08:10:31 PM: INFO: ******** Test_003_AddCustomer********:
06,23,23 08:10:39 PM: INFO: ******* Login Sucessful ********:
06,23,23 08:10:39 PM: INFO: ******* Starting AddCustomer Test******:
06,23,23 08:14:48 PM: INFO: Applicable driver not found; attempting to install with Selenium Manager (Beta):
06,23,23 08:14:50 PM: INFO: ******** Test_003_AddCustomer********:
06,23,23 08:14:56 PM: INFO: ******* Login Sucessful ********:
06,23,23 08:14:56 PM: INFO: ******* Starting AddCustomer Test******:
06,23,23 08:15:40 PM: INFO: Applicable driver not found; attempting to install with Selenium Manager (Beta):
06,23,23 08:15:43 PM: INFO: ******** Test_003_AddCustomer********:
06,23,23 08:15:49 PM: INFO: ******* Login Sucessful ********:
06,23,23 08:15:49 PM: INFO: ******* Starting AddCustomer Test******:
06,23,23 08:23:41 PM: INFO: Applicable driver not found; attempting to install with Selenium Manager (Beta):
06,23,23 08:23:44 PM: INFO: ******** Test_003_AddCustomer********:
06,23,23 08:23:51 PM: INFO: ******* Login Sucessful ********:
06,23,23 08:23:51 PM: INFO: ******* Starting AddCustomer Test******:
06,24,23 04:42:09 PM: INFO: Applicable driver not found; attempting to install with Selenium Manager (Beta):
06,24,23 04:42:12 PM: INFO: ******** Test_003_AddCustomer********:
06,24,23 04:42:21 PM: INFO: ******* Login Sucessful ********:
06,24,23 04:42:21 PM: INFO: ******* Starting AddCustomer Test******:
06,24,23 04:51:02 PM: INFO: Applicable driver not found; attempting to install with Selenium Manager (Beta):
06,24,23 04:51:04 PM: INFO: ******** Test_003_AddCustomer********:
06,24,23 04:51:10 PM: INFO: ******* Login Sucessful ********:
06,24,23 04:51:10 PM: INFO: ******* Starting AddCustomer Test******:
06,24,23 04:59:51 PM: INFO: Applicable driver not found; attempting to install with Selenium Manager (Beta):
06,24,23 04:59:53 PM: INFO: ******** Test_003_AddCustomer********:
06,24,23 04:59:58 PM: INFO: ******* Login Sucessful ********:
06,24,23 04:59:58 PM: INFO: ******* Starting AddCustomer Test******:
06,24,23 05:03:16 PM: INFO: Applicable driver not found; attempting to install with Selenium Manager (Beta):
06,24,23 05:03:17 PM: INFO: ******** Test_003_AddCustomer********:
06,24,23 05:03:26 PM: INFO: ******* Login Sucessful ********:
06,24,23 05:03:26 PM: INFO: ******* Starting AddCustomer Test******:
06,24,23 05:03:29 PM: INFO: ****** Providing Customer info *********:
06,24,23 05:09:24 PM: INFO: Applicable driver not found; attempting to install with Selenium Manager (Beta):
06,24,23 05:09:26 PM: INFO: ******** Test_003_AddCustomer********:
06,24,23 05:09:44 PM: INFO: ******* Login Sucessful ********:
06,24,23 05:09:44 PM: INFO: ******* Starting AddCustomer Test******:
06,24,23 05:09:47 PM: INFO: ****** Providing Customer info *********:
06,24,23 05:11:47 PM: INFO: Applicable driver not found; attempting to install with Selenium Manager (Beta):
06,24,23 05:11:50 PM: INFO: ******** Test_003_AddCustomer********:
06,24,23 05:11:59 PM: INFO: ******* Login Sucessful ********:
06,24,23 05:11:59 PM: INFO: ******* Starting AddCustomer Test******:
06,24,23 05:12:02 PM: INFO: ****** Providing Customer info *********:
06,24,23 05:14:36 PM: INFO: Applicable driver not found; attempting to install with Selenium Manager (Beta):
06,24,23 05:14:38 PM: INFO: ******** Test_003_AddCustomer********:
06,24,23 05:14:47 PM: INFO: ******* Login Sucessful ********:
06,24,23 05:14:47 PM: INFO: ******* Starting AddCustomer Test******:
06,24,23 05:14:50 PM: INFO: ****** Providing Customer info *********:
06,24,23 05:17:14 PM: INFO: Applicable driver not found; attempting to install with Selenium Manager (Beta):
06,24,23 05:17:16 PM: INFO: ******** Test_003_AddCustomer********:
06,24,23 05:17:25 PM: INFO: ******* Login Sucessful ********:
06,24,23 05:17:25 PM: INFO: ******* Starting AddCustomer Test******:
06,24,23 05:17:27 PM: INFO: ****** Providing Customer info *********:
06,24,23 05:23:00 PM: INFO: Applicable driver not found; attempting to install with Selenium Manager (Beta):
06,24,23 05:23:02 PM: INFO: ******** Test_003_AddCustomer********:
06,24,23 05:23:11 PM: INFO: ******* Login Sucessful ********:
06,24,23 05:23:11 PM: INFO: ******* Starting AddCustomer Test******:
06,24,23 05:23:14 PM: INFO: ****** Providing Customer info *********:
06,24,23 05:27:53 PM: INFO: Applicable driver not found; attempting to install with Selenium Manager (Beta):
06,24,23 05:27:55 PM: INFO: ******** Test_003_AddCustomer********:
06,24,23 05:28:04 PM: INFO: ******* Login Sucessful ********:
06,24,23 05:28:04 PM: INFO: ******* Starting AddCustomer Test******:
06,24,23 05:28:07 PM: INFO: ****** Providing Customer info *********:
06,24,23 05:31:36 PM: INFO: Applicable driver not found; attempting to install with Selenium Manager (Beta):
06,24,23 05:31:38 PM: INFO: ******** Test_003_AddCustomer********:
06,24,23 05:31:52 PM: INFO: ******* Login Sucessful ********:
06,24,23 05:31:52 PM: INFO: ******* Starting AddCustomer Test******:
06,24,23 05:31:54 PM: INFO: ****** Providing Customer info *********:
06,24,23 05:34:49 PM: INFO: Applicable driver not found; attempting to install with Selenium Manager (Beta):
06,24,23 05:34:51 PM: INFO: ******** Test_003_AddCustomer********:
06,24,23 05:35:00 PM: INFO: ******* Login Sucessful ********:
06,24,23 05:35:00 PM: INFO: ******* Starting AddCustomer Test******:
06,24,23 05:35:03 PM: INFO: ****** Providing Customer info *********:
06,24,23 05:38:32 PM: INFO: Applicable driver not found; attempting to install with Selenium Manager (Beta):
06,24,23 05:38:34 PM: INFO: ******** Test_003_AddCustomer********:
06,24,23 05:38:43 PM: INFO: ******* Login Sucessful ********:
06,24,23 05:38:43 PM: INFO: ******* Starting AddCustomer Test******:
06,24,23 05:38:46 PM: INFO: ****** Providing Customer info *********:
06,24,23 05:39:11 PM: INFO: ********* Saving Customer Info *********:
06,24,23 05:39:11 PM: INFO: ****** Add Customer Validation Started ********:
06,24,23 05:43:08 PM: INFO: Applicable driver not found; attempting to install with Selenium Manager (Beta):
06,24,23 05:43:10 PM: INFO: ******** Test_003_AddCustomer********:
06,24,23 05:43:17 PM: INFO: ******* Login Sucessful ********:
06,24,23 05:43:17 PM: INFO: ******* Starting AddCustomer Test******:
06,24,23 05:43:20 PM: INFO: ****** Providing Customer info *********:
06,24,23 05:43:45 PM: INFO: ********* Saving Customer Info *********:
06,24,23 05:43:45 PM: INFO: ****** Add Customer Validation Started ********:
06,24,23 05:43:45 PM: INFO: ******** Add Customer Test is Passed:
06,24,23 05:43:45 PM: INFO: ****** Ending Add Customer Test *******:
06,24,23 05:48:47 PM: INFO: Applicable driver not found; attempting to install with Selenium Manager (Beta):
06,24,23 05:48:49 PM: INFO: ******** Test_003_AddCustomer********:
06,24,23 05:48:56 PM: INFO: ******* Login Sucessful ********:
06,24,23 05:48:56 PM: INFO: ******* Starting AddCustomer Test******:
06,24,23 05:48:58 PM: INFO: ****** Providing Customer info *********:
06,24,23 05:49:23 PM: INFO: ********* Saving Customer Info *********:
06,24,23 05:49:23 PM: INFO: ****** Add Customer Validation Started ********:
06,24,23 05:49:23 PM: INFO: ******** Add Customer Test is Passed:
06,24,23 05:49:23 PM: INFO: ****** Ending Add Customer Test *******:
06,24,23 05:49:49 PM: INFO: Applicable driver not found; attempting to install with Selenium Manager (Beta):
06,24,23 05:49:51 PM: INFO: ******** Test_003_AddCustomer********:
06,24,23 05:49:57 PM: INFO: ******* Login Sucessful ********:
06,24,23 05:49:57 PM: INFO: ******* Starting AddCustomer Test******:
06,24,23 05:49:59 PM: INFO: ****** Providing Customer info *********:
06,24,23 05:50:25 PM: INFO: ********* Saving Customer Info *********:
06,24,23 05:50:25 PM: INFO: ****** Add Customer Validation Started ********:
06,24,23 05:50:25 PM: INFO: ****** Add Customer Test is Failed:
06,24,23 05:58:59 PM: INFO: Applicable driver not found; attempting to install with Selenium Manager (Beta):
06,24,23 05:59:01 PM: INFO: ******** Test_003_AddCustomer********:
06,24,23 05:59:09 PM: INFO: ******* Login Sucessful ********:
06,24,23 05:59:09 PM: INFO: ******* Starting AddCustomer Test******:
06,24,23 05:59:12 PM: INFO: ****** Providing Customer info *********:
06,24,23 05:59:37 PM: INFO: ********* Saving Customer Info *********:
06,24,23 05:59:37 PM: INFO: ****** Add Customer Validation Started ********:
06,24,23 05:59:37 PM: INFO: ****** Add Customer Test is Failed:
06,24,23 06:00:04 PM: INFO: Applicable driver not found; attempting to install with Selenium Manager (Beta):
06,24,23 06:00:05 PM: INFO: ******** Test_003_AddCustomer********:
06,24,23 06:00:10 PM: INFO: ******* Login Sucessful ********:
06,24,23 06:00:10 PM: INFO: ******* Starting AddCustomer Test******:
06,24,23 06:00:13 PM: INFO: ****** Providing Customer info *********:
06,24,23 06:00:38 PM: INFO: ********* Saving Customer Info *********:
06,24,23 06:00:38 PM: INFO: ****** Add Customer Validation Started ********:
06,24,23 06:00:38 PM: INFO: ****** Add Customer Test is Failed:
06,24,23 06:05:00 PM: INFO: Applicable driver not found; attempting to install with Selenium Manager (Beta):
06,24,23 06:05:01 PM: INFO: ******** Test_003_AddCustomer********:
06,24,23 06:05:07 PM: INFO: ******* Login Sucessful ********:
06,24,23 06:05:07 PM: INFO: ******* Starting AddCustomer Test******:
06,24,23 06:05:09 PM: INFO: ****** Providing Customer info *********:
06,24,23 06:05:35 PM: INFO: ********* Saving Customer Info *********:
06,24,23 06:05:35 PM: INFO: ****** Add Customer Validation Started ********:
06,24,23 06:05:35 PM: INFO: ******** Add Customer Test is Passed:
06,24,23 06:05:35 PM: INFO: ****** Ending Add Customer Test *******:
06,24,23 08:34:01 PM: INFO: Applicable driver not found; attempting to install with Selenium Manager (Beta):
06,24,23 08:34:04 PM: INFO: ******** Test_004_SearchCustomerByEmail *********:
06,24,23 08:34:12 PM: INFO: ******* Login Sucessful ********:
06,24,23 08:34:12 PM: INFO: ********** Starting Search Customer By Email ***********:
06,24,23 08:34:14 PM: INFO: *********** Searching Customer By EmailID ***************:
06,25,23 12:22:50 PM: INFO: Applicable driver not found; attempting to install with Selenium Manager (Beta):
06,25,23 12:22:53 PM: INFO: ******** Test_004_SearchCustomerByEmail *********:
06,25,23 12:23:01 PM: INFO: ******* Login Sucessful ********:
06,25,23 12:23:01 PM: INFO: ********** Starting Search Customer By Email ***********:
06,25,23 12:23:03 PM: INFO: *********** Searching Customer By EmailID ***************:
06,25,23 12:31:17 PM: INFO: Applicable driver not found; attempting to install with Selenium Manager (Beta):
06,25,23 12:31:19 PM: INFO: ******** Test_004_SearchCustomerByEmail *********:
06,25,23 12:31:26 PM: INFO: ******* Login Sucessful ********:
06,25,23 12:31:26 PM: INFO: ********** Starting Search Customer By Email ***********:
06,25,23 12:31:27 PM: INFO: *********** Searching Customer By EmailID ***************:
06,25,23 12:31:32 PM: INFO: ********** Test_004_SearchCustomerByEmail is Passed ***********:
06,25,23 12:32:02 PM: INFO: Applicable driver not found; attempting to install with Selenium Manager (Beta):
06,25,23 12:32:04 PM: INFO: ******** Test_004_SearchCustomerByEmail *********:
06,25,23 12:32:10 PM: INFO: ******* Login Sucessful ********:
06,25,23 12:32:10 PM: INFO: ********** Starting Search Customer By Email ***********:
06,25,23 12:32:12 PM: INFO: *********** Searching Customer By EmailID ***************:
06,25,23 12:32:18 PM: INFO: ********** Test_004_SearchCustomerByEmail is Passed ***********:
06,25,23 12:38:12 PM: INFO: Applicable driver not found; attempting to install with Selenium Manager (Beta):
06,25,23 12:38:14 PM: INFO: ******** Test_005_SearchCustomerByName *********:
06,25,23 12:38:25 PM: INFO: ******* Login Sucessful ********:
06,25,23 12:38:25 PM: INFO: ********** Starting Search Customer By Name ***********:
06,25,23 12:38:27 PM: INFO: *********** Searching Customer By Name ***************:
06,25,23 12:42:13 PM: INFO: Applicable driver not found; attempting to install with Selenium Manager (Beta):
06,25,23 12:42:15 PM: INFO: ******** Test_005_SearchCustomerByName *********:
06,25,23 12:42:22 PM: INFO: ******* Login Sucessful ********:
06,25,23 12:42:22 PM: INFO: ********** Starting Search Customer By Name ***********:
06,25,23 12:42:24 PM: INFO: *********** Searching Customer By Name ***************:
06,25,23 12:42:29 PM: INFO: ********** Test_005_SearchCustomerByName is Passed ***********:
06,25,23 12:46:14 PM: INFO: Applicable driver not found; attempting to install with Selenium Manager (Beta):
06,25,23 12:46:16 PM: INFO: ******** Test_005_SearchCustomerByName *********:
06,25,23 12:46:25 PM: INFO: ******* Login Sucessful ********:
06,25,23 12:46:25 PM: INFO: ********** Starting Search Customer By Name ***********:
06,25,23 12:46:33 PM: INFO: *********** Searching Customer By Name ***************:
06,25,23 12:46:38 PM: INFO: ********** Test_005_SearchCustomerByName is Passed ***********:
06,25,23 12:48:02 PM: INFO: Applicable driver not found; attempting to install with Selenium Manager (Beta):
06,25,23 12:48:06 PM: INFO: ******** Test_004_SearchCustomerByEmail *********:
06,25,23 12:48:15 PM: INFO: ******* Login Sucessful ********:
06,25,23 12:48:15 PM: INFO: ********** Starting Search Customer By Email ***********:
06,25,23 12:48:17 PM: INFO: *********** Searching Customer By EmailID ***************:
06,25,23 12:48:22 PM: INFO: ********** Test_004_SearchCustomerByEmail is Passed ***********:
06,26,23 12:15:37 PM: INFO: Applicable driver not found; attempting to install with Selenium Manager (Beta):
06,26,23 12:15:40 PM: INFO: ******** Test_003_AddCustomer********:
06,26,23 12:15:47 PM: INFO: ******* Login Sucessful ********:
06,26,23 12:15:47 PM: INFO: ******* Starting AddCustomer Test******:
06,26,23 12:15:47 PM: INFO: Applicable driver not found; attempting to install with Selenium Manager (Beta):
06,26,23 12:15:49 PM: INFO: ************Test_001_Login**************:
06,26,23 12:15:49 PM: INFO: *************Verifying Home Page Title***********:
06,26,23 12:15:51 PM: INFO: *************Home Page Title is Passed***********:
06,26,23 12:18:34 PM: INFO: Applicable driver not found; attempting to install with Selenium Manager (Beta):
06,26,23 12:18:35 PM: INFO: ******** Test_003_AddCustomer********:
06,26,23 12:18:43 PM: INFO: ******* Login Sucessful ********:
06,26,23 12:18:43 PM: INFO: ******* Starting AddCustomer Test******:
06,26,23 12:19:50 PM: INFO: Applicable driver not found; attempting to install with Selenium Manager (Beta):
06,26,23 12:19:52 PM: INFO: ******** Test_003_AddCustomer********:
06,26,23 12:19:58 PM: INFO: ******* Login Sucessful ********:
06,26,23 12:19:58 PM: INFO: ******* Starting AddCustomer Test******:
06,26,23 12:23:39 PM: INFO: Applicable driver not found; attempting to install with Selenium Manager (Beta):
06,26,23 12:23:41 PM: INFO: ******** Test_003_AddCustomer********:
06,26,23 12:23:48 PM: INFO: ******* Login Sucessful ********:
06,26,23 12:23:48 PM: INFO: ******* Starting AddCustomer Test******:
06,26,23 12:23:52 PM: INFO: ****** Providing Customer info *********:
06,26,23 12:24:17 PM: INFO: ********* Saving Customer Info *********:
06,26,23 12:24:17 PM: INFO: ****** Add Customer Validation Started ********:
06,26,23 12:24:17 PM: INFO: ******** Add Customer Test is Passed:
06,26,23 12:24:17 PM: INFO: ****** Ending Add Customer Test *******:
06,26,23 12:24:57 PM: INFO: Applicable driver not found; attempting to install with Selenium Manager (Beta):
06,26,23 12:24:59 PM: INFO: ******** Test_003_AddCustomer********:
06,26,23 12:25:08 PM: INFO: ******* Login Sucessful ********:
06,26,23 12:25:08 PM: INFO: ******* Starting AddCustomer Test******:
06,26,23 12:25:11 PM: INFO: ****** Providing Customer info *********:
06,26,23 12:25:37 PM: INFO: ********* Saving Customer Info *********:
06,26,23 12:25:37 PM: INFO: ****** Add Customer Validation Started ********:
06,26,23 12:25:37 PM: INFO: ******** Add Customer Test is Passed:
06,26,23 12:25:37 PM: INFO: ****** Ending Add Customer Test *******:
06,26,23 12:25:37 PM: INFO: Applicable driver not found; attempting to install with Selenium Manager (Beta):
06,26,23 12:25:39 PM: INFO: ************Test_001_Login**************:
06,26,23 12:25:39 PM: INFO: *************Verifying Home Page Title***********:
06,26,23 12:25:40 PM: INFO: *************Home Page Title is Passed***********:
06,26,23 12:28:45 PM: INFO: Applicable driver not found; attempting to install with Selenium Manager (Beta):
06,26,23 12:28:47 PM: INFO: ******** Test_004_SearchCustomerByEmail *********:
06,26,23 12:28:55 PM: INFO: ******* Login Sucessful ********:
06,26,23 12:28:55 PM: INFO: ********** Starting Search Customer By Email ***********:
06,26,23 12:28:56 PM: INFO: Applicable driver not found; attempting to install with Selenium Manager (Beta):
06,26,23 12:28:57 PM: INFO: ******** Test_005_SearchCustomerByName *********:
06,26,23 12:29:06 PM: INFO: ******* Login Sucessful ********:
06,26,23 12:29:06 PM: INFO: ********** Starting Search Customer By Name ***********:
06,26,23 12:29:06 PM: INFO: Applicable driver not found; attempting to install with Selenium Manager (Beta):
06,26,23 12:29:07 PM: INFO: *************Verifying Login Test***********:
06,26,23 12:29:15 PM: INFO: *************Login Test is Passed***********:
06,26,23 12:29:15 PM: INFO: Applicable driver not found; attempting to install with Selenium Manager (Beta):
06,26,23 12:29:17 PM: INFO: *************Test_002_DDT_Login*************:
06,26,23 12:29:17 PM: INFO: *************Verifying Login DDT Test***********:
06,26,23 12:29:33 PM: INFO: *******PASSED**********:
06,26,23 12:29:41 PM: INFO: *******Passed**********:
06,26,23 12:29:47 PM: INFO: *******Passed**********:
06,26,23 12:29:53 PM: INFO: *******Passed**********:
06,26,23 12:29:53 PM: INFO: **** Login DDT Test Passed****:
06,26,23 12:29:53 PM: INFO: ***** End of LOgin DDT Test*****:
06,26,23 12:29:53 PM: INFO: ****** Completed Test_002_DDT_Login ****** :
06,26,23 12:31:44 PM: INFO: Applicable driver not found; attempting to install with Selenium Manager (Beta):
06,26,23 12:31:46 PM: INFO: ******** Test_004_SearchCustomerByEmail *********:
06,26,23 12:31:55 PM: INFO: ******* Login Sucessful ********:
06,26,23 12:31:55 PM: INFO: ********** Starting Search Customer By Email ***********:
06,26,23 12:31:55 PM: INFO: Applicable driver not found; attempting to install with Selenium Manager (Beta):
06,26,23 12:31:57 PM: INFO: ******** Test_005_SearchCustomerByName *********:
06,26,23 12:32:06 PM: INFO: ******* Login Sucessful ********:
06,26,23 12:32:06 PM: INFO: ********** Starting Search Customer By Name ***********:
06,26,23 12:32:06 PM: INFO: Applicable driver not found; attempting to install with Selenium Manager (Beta):
06,26,23 12:32:07 PM: INFO: *************Verifying Login Test***********:
06,26,23 12:32:17 PM: INFO: *************Login Test is Passed***********:
06,26,23 12:32:17 PM: INFO: Applicable driver not found; attempting to install with Selenium Manager (Beta):
06,26,23 12:32:19 PM: INFO: *************Test_002_DDT_Login*************:
06,26,23 12:32:19 PM: INFO: *************Verifying Login DDT Test***********:
06,26,23 12:32:32 PM: INFO: *******PASSED**********:
06,26,23 12:32:41 PM: INFO: *******Passed**********:
06,26,23 12:32:47 PM: INFO: *******Passed**********:
06,26,23 12:32:53 PM: INFO: *******Passed**********:
06,26,23 12:32:53 PM: INFO: **** Login DDT Test Passed****:
06,26,23 12:32:53 PM: INFO: ***** End of LOgin DDT Test*****:
06,26,23 12:32:53 PM: INFO: ****** Completed Test_002_DDT_Login ****** :
06,26,23 12:35:57 PM: INFO: Applicable driver not found; attempting to install with Selenium Manager (Beta):
06,26,23 12:35:59 PM: INFO: ******** Test_004_SearchCustomerByEmail *********:
06,26,23 12:36:06 PM: INFO: ******* Login Sucessful ********:
06,26,23 12:36:06 PM: INFO: ********** Starting Search Customer By Email ***********:
06,26,23 12:36:07 PM: INFO: *********** Searching Customer By EmailID ***************:
06,26,23 12:36:13 PM: INFO: ********** Test_004_SearchCustomerByEmail is Passed ***********:
06,26,23 12:36:43 PM: INFO: Applicable driver not found; attempting to install with Selenium Manager (Beta):
06,26,23 12:36:45 PM: INFO: ******** Test_005_SearchCustomerByName *********:
06,26,23 12:36:50 PM: INFO: ******* Login Sucessful ********:
06,26,23 12:36:50 PM: INFO: ********** Starting Search Customer By Name ***********:
06,26,23 12:36:52 PM: INFO: *********** Searching Customer By Name ***************:
06,26,23 12:36:57 PM: INFO: ********** Test_005_SearchCustomerByName is Passed ***********:
06,26,23 12:37:18 PM: INFO: Applicable driver not found; attempting to install with Selenium Manager (Beta):
06,26,23 12:37:19 PM: INFO: ******** Test_004_SearchCustomerByEmail *********:
06,26,23 12:37:25 PM: INFO: ******* Login Sucessful ********:
06,26,23 12:37:25 PM: INFO: ********** Starting Search Customer By Email ***********:
06,26,23 12:37:26 PM: INFO: *********** Searching Customer By EmailID ***************:
06,26,23 12:37:32 PM: INFO: ********** Test_004_SearchCustomerByEmail is Passed ***********:
06,26,23 12:37:32 PM: INFO: Applicable driver not found; attempting to install with Selenium Manager (Beta):
06,26,23 12:37:33 PM: INFO: ******** Test_005_SearchCustomerByName *********:
06,26,23 12:37:38 PM: INFO: ******* Login Sucessful ********:
06,26,23 12:37:38 PM: INFO: ********** Starting Search Customer By Name ***********:
06,26,23 12:37:40 PM: INFO: *********** Searching Customer By Name ***************:
06,26,23 12:37:45 PM: INFO: ********** Test_005_SearchCustomerByName is Passed ***********:
06,26,23 12:37:45 PM: INFO: Applicable driver not found; attempting to install with Selenium Manager (Beta):
06,26,23 12:37:47 PM: INFO: *************Verifying Login Test***********:
06,26,23 12:37:52 PM: INFO: *************Login Test is Passed***********:
06,26,23 12:37:52 PM: INFO: Applicable driver not found; attempting to install with Selenium Manager (Beta):
06,26,23 12:37:53 PM: INFO: *************Test_002_DDT_Login*************:
06,26,23 12:37:53 PM: INFO: *************Verifying Login DDT Test***********:
06,26,23 12:38:07 PM: INFO: *******PASSED**********:
06,26,23 12:38:14 PM: INFO: *******Passed**********:
06,26,23 12:38:20 PM: INFO: *******Passed**********:
06,26,23 12:38:25 PM: INFO: *******Passed**********:
06,26,23 12:38:25 PM: INFO: **** Login DDT Test Passed****:
06,26,23 12:38:26 PM: INFO: ***** End of LOgin DDT Test*****:
06,26,23 12:38:26 PM: INFO: ****** Completed Test_002_DDT_Login ****** :
06,26,23 01:08:49 PM: INFO: Applicable driver not found; attempting to install with Selenium Manager (Beta):
06,26,23 01:08:50 PM: INFO: ******** Test_003_AddCustomer********:
06,26,23 01:08:58 PM: INFO: ******* Login Sucessful ********:
06,26,23 01:08:58 PM: INFO: ******* Starting AddCustomer Test******:
06,26,23 01:09:01 PM: INFO: ****** Providing Customer info *********:
06,26,23 01:09:27 PM: INFO: ********* Saving Customer Info *********:
06,26,23 01:09:27 PM: INFO: ****** Add Customer Validation Started ********:
06,26,23 01:09:27 PM: INFO: ******** Add Customer Test is Passed:
06,26,23 01:09:27 PM: INFO: ****** Ending Add Customer Test *******:
06,26,23 01:09:27 PM: INFO: Applicable driver not found; attempting to install with Selenium Manager (Beta):
06,26,23 01:09:29 PM: INFO: ************Test_001_Login**************:
06,26,23 01:09:29 PM: INFO: *************Verifying Home Page Title***********:
06,26,23 01:09:31 PM: INFO: *************Home Page Title is Passed***********:
06,26,23 03:25:41 PM: INFO: Applicable driver not found; attempting to install with Selenium Manager (Beta):
06,26,23 03:25:50 PM: INFO: ******** Test_003_AddCustomer********:
06,26,23 03:25:56 PM: INFO: Applicable driver not found; attempting to install with Selenium Manager (Beta):
06,26,23 03:25:59 PM: INFO: ************Test_001_Login**************:
06,26,23 03:25:59 PM: INFO: *************Verifying Home Page Title***********:
06,26,23 03:26:20 PM: INFO: Applicable driver not found; attempting to install with Selenium Manager (Beta):
06,26,23 03:26:30 PM: INFO: ******** Test_003_AddCustomer********:
06,26,23 03:26:37 PM: INFO: ******* Login Sucessful ********:
06,26,23 03:26:37 PM: INFO: ******* Starting AddCustomer Test******:
06,26,23 03:26:38 PM: INFO: Applicable driver not found; attempting to install with Selenium Manager (Beta):
06,26,23 03:26:44 PM: INFO: ************Test_001_Login**************:
06,26,23 03:26:44 PM: INFO: *************Verifying Home Page Title***********:
06,26,23 03:26:50 PM: INFO: *************Home Page Title is Passed***********:
